  AdvancedTIE.cpp
  Box.cpp
C:\Users\LAG_0014\Documents\IG1\ProyectosIG_x64_VS2022\IG1_PabloMarcosSerrano_JuliánSerranoChacón\IG1App\Box.cpp(68,14): warning C4244: 'inicializando': conversión de 'double' a 'GLfloat'; posible pérdida de datos
  BoxOutline.cpp
  Camera.cpp
  CompoundEntity.cpp
  Cube.cpp
  Cylinder.cpp
C:\Users\LAG_0014\Documents\IG1\ProyectosIG_x64_VS2022\IG1_PabloMarcosSerrano_JuliánSerranoChacón\IG1App\Cylinder.cpp(17,54): warning C4244: 'argumento': conversión de 'const T' a 'GLfloat'; posible pérdida de datos
C:\Users\LAG_0014\Documents\IG1\ProyectosIG_x64_VS2022\IG1_PabloMarcosSerrano_JuliánSerranoChacón\IG1App\Cylinder.cpp(17,54): warning C4244:         with
C:\Users\LAG_0014\Documents\IG1\ProyectosIG_x64_VS2022\IG1_PabloMarcosSerrano_JuliánSerranoChacón\IG1App\Cylinder.cpp(17,54): warning C4244:         [
C:\Users\LAG_0014\Documents\IG1\ProyectosIG_x64_VS2022\IG1_PabloMarcosSerrano_JuliánSerranoChacón\IG1App\Cylinder.cpp(17,54): warning C4244:             T=glm::f64
C:\Users\LAG_0014\Documents\IG1\ProyectosIG_x64_VS2022\IG1_PabloMarcosSerrano_JuliánSerranoChacón\IG1App\Cylinder.cpp(17,54): warning C4244:         ]
C:\Users\LAG_0014\Documents\IG1\ProyectosIG_x64_VS2022\IG1_PabloMarcosSerrano_JuliánSerranoChacón\IG1App\Cylinder.cpp(17,39): warning C4244: 'argumento': conversión de 'const T' a 'GLfloat'; posible pérdida de datos
C:\Users\LAG_0014\Documents\IG1\ProyectosIG_x64_VS2022\IG1_PabloMarcosSerrano_JuliánSerranoChacón\IG1App\Cylinder.cpp(17,39): warning C4244:         with
C:\Users\LAG_0014\Documents\IG1\ProyectosIG_x64_VS2022\IG1_PabloMarcosSerrano_JuliánSerranoChacón\IG1App\Cylinder.cpp(17,39): warning C4244:         [
C:\Users\LAG_0014\Documents\IG1\ProyectosIG_x64_VS2022\IG1_PabloMarcosSerrano_JuliánSerranoChacón\IG1App\Cylinder.cpp(17,39): warning C4244:             T=glm::f64
C:\Users\LAG_0014\Documents\IG1\ProyectosIG_x64_VS2022\IG1_PabloMarcosSerrano_JuliánSerranoChacón\IG1App\Cylinder.cpp(17,39): warning C4244:         ]
C:\Users\LAG_0014\Documents\IG1\ProyectosIG_x64_VS2022\IG1_PabloMarcosSerrano_JuliánSerranoChacón\IG1App\Cylinder.cpp(17,24): warning C4244: 'argumento': conversión de 'const T' a 'GLfloat'; posible pérdida de datos
C:\Users\LAG_0014\Documents\IG1\ProyectosIG_x64_VS2022\IG1_PabloMarcosSerrano_JuliánSerranoChacón\IG1App\Cylinder.cpp(17,24): warning C4244:         with
C:\Users\LAG_0014\Documents\IG1\ProyectosIG_x64_VS2022\IG1_PabloMarcosSerrano_JuliánSerranoChacón\IG1App\Cylinder.cpp(17,24): warning C4244:         [
C:\Users\LAG_0014\Documents\IG1\ProyectosIG_x64_VS2022\IG1_PabloMarcosSerrano_JuliánSerranoChacón\IG1App\Cylinder.cpp(17,24): warning C4244:             T=glm::f64
C:\Users\LAG_0014\Documents\IG1\ProyectosIG_x64_VS2022\IG1_PabloMarcosSerrano_JuliánSerranoChacón\IG1App\Cylinder.cpp(17,24): warning C4244:         ]
C:\Users\LAG_0014\Documents\IG1\ProyectosIG_x64_VS2022\IG1_PabloMarcosSerrano_JuliánSerranoChacón\IG1App\Cylinder.cpp(20,39): warning C4244: 'argumento': conversión de 'const GLdouble' a 'GLint'; posible pérdida de datos
C:\Users\LAG_0014\Documents\IG1\ProyectosIG_x64_VS2022\IG1_PabloMarcosSerrano_JuliánSerranoChacón\IG1App\Cylinder.cpp(20,31): warning C4244: 'argumento': conversión de 'const GLdouble' a 'GLint'; posible pérdida de datos
  Disk.cpp
C:\Users\LAG_0014\Documents\IG1\ProyectosIG_x64_VS2022\IG1_PabloMarcosSerrano_JuliánSerranoChacón\IG1App\Disk.cpp(17,54): warning C4244: 'argumento': conversión de 'const T' a 'GLfloat'; posible pérdida de datos
C:\Users\LAG_0014\Documents\IG1\ProyectosIG_x64_VS2022\IG1_PabloMarcosSerrano_JuliánSerranoChacón\IG1App\Disk.cpp(17,54): warning C4244:         with
C:\Users\LAG_0014\Documents\IG1\ProyectosIG_x64_VS2022\IG1_PabloMarcosSerrano_JuliánSerranoChacón\IG1App\Disk.cpp(17,54): warning C4244:         [
C:\Users\LAG_0014\Documents\IG1\ProyectosIG_x64_VS2022\IG1_PabloMarcosSerrano_JuliánSerranoChacón\IG1App\Disk.cpp(17,54): warning C4244:             T=glm::f64
C:\Users\LAG_0014\Documents\IG1\ProyectosIG_x64_VS2022\IG1_PabloMarcosSerrano_JuliánSerranoChacón\IG1App\Disk.cpp(17,54): warning C4244:         ]
C:\Users\LAG_0014\Documents\IG1\ProyectosIG_x64_VS2022\IG1_PabloMarcosSerrano_JuliánSerranoChacón\IG1App\Disk.cpp(17,39): warning C4244: 'argumento': conversión de 'const T' a 'GLfloat'; posible pérdida de datos
C:\Users\LAG_0014\Documents\IG1\ProyectosIG_x64_VS2022\IG1_PabloMarcosSerrano_JuliánSerranoChacón\IG1App\Disk.cpp(17,39): warning C4244:         with
C:\Users\LAG_0014\Documents\IG1\ProyectosIG_x64_VS2022\IG1_PabloMarcosSerrano_JuliánSerranoChacón\IG1App\Disk.cpp(17,39): warning C4244:         [
C:\Users\LAG_0014\Documents\IG1\ProyectosIG_x64_VS2022\IG1_PabloMarcosSerrano_JuliánSerranoChacón\IG1App\Disk.cpp(17,39): warning C4244:             T=glm::f64
C:\Users\LAG_0014\Documents\IG1\ProyectosIG_x64_VS2022\IG1_PabloMarcosSerrano_JuliánSerranoChacón\IG1App\Disk.cpp(17,39): warning C4244:         ]
C:\Users\LAG_0014\Documents\IG1\ProyectosIG_x64_VS2022\IG1_PabloMarcosSerrano_JuliánSerranoChacón\IG1App\Disk.cpp(17,24): warning C4244: 'argumento': conversión de 'const T' a 'GLfloat'; posible pérdida de datos
C:\Users\LAG_0014\Documents\IG1\ProyectosIG_x64_VS2022\IG1_PabloMarcosSerrano_JuliánSerranoChacón\IG1App\Disk.cpp(17,24): warning C4244:         with
C:\Users\LAG_0014\Documents\IG1\ProyectosIG_x64_VS2022\IG1_PabloMarcosSerrano_JuliánSerranoChacón\IG1App\Disk.cpp(17,24): warning C4244:         [
C:\Users\LAG_0014\Documents\IG1\ProyectosIG_x64_VS2022\IG1_PabloMarcosSerrano_JuliánSerranoChacón\IG1App\Disk.cpp(17,24): warning C4244:             T=glm::f64
C:\Users\LAG_0014\Documents\IG1\ProyectosIG_x64_VS2022\IG1_PabloMarcosSerrano_JuliánSerranoChacón\IG1App\Disk.cpp(17,24): warning C4244:         ]
  Entity.cpp
  GlassParapet.cpp
  Grass.cpp
  Ground.cpp
  IG1App.cpp
  IndexedBox.cpp
C:\Users\LAG_0014\Documents\IG1\ProyectosIG_x64_VS2022\IG1_PabloMarcosSerrano_JuliánSerranoChacón\IG1App\IndexedBox.cpp(16,53): warning C4244: 'argumento': conversión de 'const T' a 'GLfloat'; posible pérdida de datos
C:\Users\LAG_0014\Documents\IG1\ProyectosIG_x64_VS2022\IG1_PabloMarcosSerrano_JuliánSerranoChacón\IG1App\IndexedBox.cpp(16,53): warning C4244:         with
C:\Users\LAG_0014\Documents\IG1\ProyectosIG_x64_VS2022\IG1_PabloMarcosSerrano_JuliánSerranoChacón\IG1App\IndexedBox.cpp(16,53): warning C4244:         [
C:\Users\LAG_0014\Documents\IG1\ProyectosIG_x64_VS2022\IG1_PabloMarcosSerrano_JuliánSerranoChacón\IG1App\IndexedBox.cpp(16,53): warning C4244:             T=glm::f64
C:\Users\LAG_0014\Documents\IG1\ProyectosIG_x64_VS2022\IG1_PabloMarcosSerrano_JuliánSerranoChacón\IG1App\IndexedBox.cpp(16,53): warning C4244:         ]
C:\Users\LAG_0014\Documents\IG1\ProyectosIG_x64_VS2022\IG1_PabloMarcosSerrano_JuliánSerranoChacón\IG1App\IndexedBox.cpp(16,38): warning C4244: 'argumento': conversión de 'const T' a 'GLfloat'; posible pérdida de datos
C:\Users\LAG_0014\Documents\IG1\ProyectosIG_x64_VS2022\IG1_PabloMarcosSerrano_JuliánSerranoChacón\IG1App\IndexedBox.cpp(16,38): warning C4244:         with
C:\Users\LAG_0014\Documents\IG1\ProyectosIG_x64_VS2022\IG1_PabloMarcosSerrano_JuliánSerranoChacón\IG1App\IndexedBox.cpp(16,38): warning C4244:         [
C:\Users\LAG_0014\Documents\IG1\ProyectosIG_x64_VS2022\IG1_PabloMarcosSerrano_JuliánSerranoChacón\IG1App\IndexedBox.cpp(16,38): warning C4244:             T=glm::f64
C:\Users\LAG_0014\Documents\IG1\ProyectosIG_x64_VS2022\IG1_PabloMarcosSerrano_JuliánSerranoChacón\IG1App\IndexedBox.cpp(16,38): warning C4244:         ]
C:\Users\LAG_0014\Documents\IG1\ProyectosIG_x64_VS2022\IG1_PabloMarcosSerrano_JuliánSerranoChacón\IG1App\IndexedBox.cpp(16,23): warning C4244: 'argumento': conversión de 'const T' a 'GLfloat'; posible pérdida de datos
C:\Users\LAG_0014\Documents\IG1\ProyectosIG_x64_VS2022\IG1_PabloMarcosSerrano_JuliánSerranoChacón\IG1App\IndexedBox.cpp(16,23): warning C4244:         with
C:\Users\LAG_0014\Documents\IG1\ProyectosIG_x64_VS2022\IG1_PabloMarcosSerrano_JuliánSerranoChacón\IG1App\IndexedBox.cpp(16,23): warning C4244:         [
C:\Users\LAG_0014\Documents\IG1\ProyectosIG_x64_VS2022\IG1_PabloMarcosSerrano_JuliánSerranoChacón\IG1App\IndexedBox.cpp(16,23): warning C4244:             T=glm::f64
C:\Users\LAG_0014\Documents\IG1\ProyectosIG_x64_VS2022\IG1_PabloMarcosSerrano_JuliánSerranoChacón\IG1App\IndexedBox.cpp(16,23): warning C4244:         ]
  IndexMesh.cpp
C:\Users\LAG_0014\Documents\IG1\ProyectosIG_x64_VS2022\IG1_PabloMarcosSerrano_JuliánSerranoChacón\IG1App\IndexMesh.cpp(83,20): warning C4018: '<': no coinciden signed/unsigned
  main.cpp
  Mesh.cpp
C:\Users\LAG_0014\Documents\IG1\ProyectosIG_x64_VS2022\IG1_PabloMarcosSerrano_JuliánSerranoChacón\IG1App\Mesh.cpp(28,20): warning C4018: '<': no coinciden signed/unsigned
C:\Users\LAG_0014\Documents\IG1\ProyectosIG_x64_VS2022\IG1_PabloMarcosSerrano_JuliánSerranoChacón\IG1App\Mesh.cpp(30,17): warning C4244: '+=': conversión de 'double' a 'float'; posible pérdida de datos
C:\Users\LAG_0014\Documents\IG1\ProyectosIG_x64_VS2022\IG1_PabloMarcosSerrano_JuliánSerranoChacón\IG1App\Mesh.cpp(238,12): warning C4244: 'inicializando': conversión de 'double' a 'float'; posible pérdida de datos
C:\Users\LAG_0014\Documents\IG1\ProyectosIG_x64_VS2022\IG1_PabloMarcosSerrano_JuliánSerranoChacón\IG1App\Mesh.cpp(241,20): warning C4018: '<': no coinciden signed/unsigned
C:\Users\LAG_0014\Documents\IG1\ProyectosIG_x64_VS2022\IG1_PabloMarcosSerrano_JuliánSerranoChacón\IG1App\Mesh.cpp(261,12): warning C4244: 'inicializando': conversión de 'double' a 'float'; posible pérdida de datos
C:\Users\LAG_0014\Documents\IG1\ProyectosIG_x64_VS2022\IG1_PabloMarcosSerrano_JuliánSerranoChacón\IG1App\Mesh.cpp(264,20): warning C4018: '<': no coinciden signed/unsigned
  NodeRGBTriangle.cpp
  PartialDisk.cpp
C:\Users\LAG_0014\Documents\IG1\ProyectosIG_x64_VS2022\IG1_PabloMarcosSerrano_JuliánSerranoChacón\IG1App\PartialDisk.cpp(17,53): warning C4244: 'argumento': conversión de 'const T' a 'GLfloat'; posible pérdida de datos
C:\Users\LAG_0014\Documents\IG1\ProyectosIG_x64_VS2022\IG1_PabloMarcosSerrano_JuliánSerranoChacón\IG1App\PartialDisk.cpp(17,53): warning C4244:         with
C:\Users\LAG_0014\Documents\IG1\ProyectosIG_x64_VS2022\IG1_PabloMarcosSerrano_JuliánSerranoChacón\IG1App\PartialDisk.cpp(17,53): warning C4244:         [
C:\Users\LAG_0014\Documents\IG1\ProyectosIG_x64_VS2022\IG1_PabloMarcosSerrano_JuliánSerranoChacón\IG1App\PartialDisk.cpp(17,53): warning C4244:             T=glm::f64
C:\Users\LAG_0014\Documents\IG1\ProyectosIG_x64_VS2022\IG1_PabloMarcosSerrano_JuliánSerranoChacón\IG1App\PartialDisk.cpp(17,53): warning C4244:         ]
C:\Users\LAG_0014\Documents\IG1\ProyectosIG_x64_VS2022\IG1_PabloMarcosSerrano_JuliánSerranoChacón\IG1App\PartialDisk.cpp(17,38): warning C4244: 'argumento': conversión de 'const T' a 'GLfloat'; posible pérdida de datos
C:\Users\LAG_0014\Documents\IG1\ProyectosIG_x64_VS2022\IG1_PabloMarcosSerrano_JuliánSerranoChacón\IG1App\PartialDisk.cpp(17,38): warning C4244:         with
C:\Users\LAG_0014\Documents\IG1\ProyectosIG_x64_VS2022\IG1_PabloMarcosSerrano_JuliánSerranoChacón\IG1App\PartialDisk.cpp(17,38): warning C4244:         [
C:\Users\LAG_0014\Documents\IG1\ProyectosIG_x64_VS2022\IG1_PabloMarcosSerrano_JuliánSerranoChacón\IG1App\PartialDisk.cpp(17,38): warning C4244:             T=glm::f64
C:\Users\LAG_0014\Documents\IG1\ProyectosIG_x64_VS2022\IG1_PabloMarcosSerrano_JuliánSerranoChacón\IG1App\PartialDisk.cpp(17,38): warning C4244:         ]
C:\Users\LAG_0014\Documents\IG1\ProyectosIG_x64_VS2022\IG1_PabloMarcosSerrano_JuliánSerranoChacón\IG1App\PartialDisk.cpp(17,23): warning C4244: 'argumento': conversión de 'const T' a 'GLfloat'; posible pérdida de datos
C:\Users\LAG_0014\Documents\IG1\ProyectosIG_x64_VS2022\IG1_PabloMarcosSerrano_JuliánSerranoChacón\IG1App\PartialDisk.cpp(17,23): warning C4244:         with
C:\Users\LAG_0014\Documents\IG1\ProyectosIG_x64_VS2022\IG1_PabloMarcosSerrano_JuliánSerranoChacón\IG1App\PartialDisk.cpp(17,23): warning C4244:         [
C:\Users\LAG_0014\Documents\IG1\ProyectosIG_x64_VS2022\IG1_PabloMarcosSerrano_JuliánSerranoChacón\IG1App\PartialDisk.cpp(17,23): warning C4244:             T=glm::f64
C:\Users\LAG_0014\Documents\IG1\ProyectosIG_x64_VS2022\IG1_PabloMarcosSerrano_JuliánSerranoChacón\IG1App\PartialDisk.cpp(17,23): warning C4244:         ]
  Photo.cpp
C:\Users\LAG_0014\Documents\IG1\ProyectosIG_x64_VS2022\IG1_PabloMarcosSerrano_JuliánSerranoChacón\IG1App\Photo.cpp(30,32): warning C4244: 'argumento': conversión de 'GLdouble' a 'GLsizei'; posible pérdida de datos
C:\Users\LAG_0014\Documents\IG1\ProyectosIG_x64_VS2022\IG1_PabloMarcosSerrano_JuliánSerranoChacón\IG1App\Photo.cpp(30,28): warning C4244: 'argumento': conversión de 'GLdouble' a 'GLsizei'; posible pérdida de datos
  Generando código...
  Compilando...
  Pixmap32RGBA.cpp
  QuadricEntity.cpp
  RegularPolygon.cpp
  RGBCube.cpp
  RGBRectange.cpp
  RGBTriangle.cpp
  Scene.cpp
C:\Users\LAG_0014\Documents\IG1\ProyectosIG_x64_VS2022\IG1_PabloMarcosSerrano_JuliánSerranoChacón\IG1App\Scene.cpp(64,25): warning C4305: 'argumento': truncamiento de 'double' a 'GLclampf'
C:\Users\LAG_0014\Documents\IG1\ProyectosIG_x64_VS2022\IG1_PabloMarcosSerrano_JuliánSerranoChacón\IG1App\Scene.cpp(64,20): warning C4305: 'argumento': truncamiento de 'double' a 'GLclampf'
C:\Users\LAG_0014\Documents\IG1\ProyectosIG_x64_VS2022\IG1_PabloMarcosSerrano_JuliánSerranoChacón\IG1App\Scene.cpp(64,15): warning C4305: 'argumento': truncamiento de 'double' a 'GLclampf'
C:\Users\LAG_0014\Documents\IG1\ProyectosIG_x64_VS2022\IG1_PabloMarcosSerrano_JuliánSerranoChacón\IG1App\Scene.cpp(118,25): warning C4305: 'argumento': truncamiento de 'double' a 'GLclampf'
C:\Users\LAG_0014\Documents\IG1\ProyectosIG_x64_VS2022\IG1_PabloMarcosSerrano_JuliánSerranoChacón\IG1App\Scene.cpp(118,20): warning C4305: 'argumento': truncamiento de 'double' a 'GLclampf'
C:\Users\LAG_0014\Documents\IG1\ProyectosIG_x64_VS2022\IG1_PabloMarcosSerrano_JuliánSerranoChacón\IG1App\Scene.cpp(118,15): warning C4305: 'argumento': truncamiento de 'double' a 'GLclampf'
C:\Users\LAG_0014\Documents\IG1\ProyectosIG_x64_VS2022\IG1_PabloMarcosSerrano_JuliánSerranoChacón\IG1App\Scene.cpp(154,55): warning C4244: 'argumento': conversión de 'double' a 'GLubyte'; posible pérdida de datos
C:\Users\LAG_0014\Documents\IG1\ProyectosIG_x64_VS2022\IG1_PabloMarcosSerrano_JuliánSerranoChacón\IG1App\Scene.cpp(255,56): warning C4244: 'argumento': conversión de 'double' a 'GLubyte'; posible pérdida de datos
  Sphere.cpp
C:\Users\LAG_0014\Documents\IG1\ProyectosIG_x64_VS2022\IG1_PabloMarcosSerrano_JuliánSerranoChacón\IG1App\Sphere.cpp(13,38): warning C4244: 'argumento': conversión de 'const T' a 'GLfloat'; posible pérdida de datos
C:\Users\LAG_0014\Documents\IG1\ProyectosIG_x64_VS2022\IG1_PabloMarcosSerrano_JuliánSerranoChacón\IG1App\Sphere.cpp(13,38): warning C4244:         with
C:\Users\LAG_0014\Documents\IG1\ProyectosIG_x64_VS2022\IG1_PabloMarcosSerrano_JuliánSerranoChacón\IG1App\Sphere.cpp(13,38): warning C4244:         [
C:\Users\LAG_0014\Documents\IG1\ProyectosIG_x64_VS2022\IG1_PabloMarcosSerrano_JuliánSerranoChacón\IG1App\Sphere.cpp(13,38): warning C4244:             T=glm::f64
C:\Users\LAG_0014\Documents\IG1\ProyectosIG_x64_VS2022\IG1_PabloMarcosSerrano_JuliánSerranoChacón\IG1App\Sphere.cpp(13,38): warning C4244:         ]
C:\Users\LAG_0014\Documents\IG1\ProyectosIG_x64_VS2022\IG1_PabloMarcosSerrano_JuliánSerranoChacón\IG1App\Sphere.cpp(13,28): warning C4244: 'argumento': conversión de 'const T' a 'GLfloat'; posible pérdida de datos
C:\Users\LAG_0014\Documents\IG1\ProyectosIG_x64_VS2022\IG1_PabloMarcosSerrano_JuliánSerranoChacón\IG1App\Sphere.cpp(13,28): warning C4244:         with
C:\Users\LAG_0014\Documents\IG1\ProyectosIG_x64_VS2022\IG1_PabloMarcosSerrano_JuliánSerranoChacón\IG1App\Sphere.cpp(13,28): warning C4244:         [
C:\Users\LAG_0014\Documents\IG1\ProyectosIG_x64_VS2022\IG1_PabloMarcosSerrano_JuliánSerranoChacón\IG1App\Sphere.cpp(13,28): warning C4244:             T=glm::f64
C:\Users\LAG_0014\Documents\IG1\ProyectosIG_x64_VS2022\IG1_PabloMarcosSerrano_JuliánSerranoChacón\IG1App\Sphere.cpp(13,28): warning C4244:         ]
C:\Users\LAG_0014\Documents\IG1\ProyectosIG_x64_VS2022\IG1_PabloMarcosSerrano_JuliánSerranoChacón\IG1App\Sphere.cpp(13,18): warning C4244: 'argumento': conversión de 'const T' a 'GLfloat'; posible pérdida de datos
C:\Users\LAG_0014\Documents\IG1\ProyectosIG_x64_VS2022\IG1_PabloMarcosSerrano_JuliánSerranoChacón\IG1App\Sphere.cpp(13,18): warning C4244:         with
C:\Users\LAG_0014\Documents\IG1\ProyectosIG_x64_VS2022\IG1_PabloMarcosSerrano_JuliánSerranoChacón\IG1App\Sphere.cpp(13,18): warning C4244:         [
C:\Users\LAG_0014\Documents\IG1\ProyectosIG_x64_VS2022\IG1_PabloMarcosSerrano_JuliánSerranoChacón\IG1App\Sphere.cpp(13,18): warning C4244:             T=glm::f64
C:\Users\LAG_0014\Documents\IG1\ProyectosIG_x64_VS2022\IG1_PabloMarcosSerrano_JuliánSerranoChacón\IG1App\Sphere.cpp(13,18): warning C4244:         ]
  Star3D.cpp
  Tatooine.cpp
  Texture.cpp
  Top.cpp
  Viewport.cpp
  WingAdvanceTIE.cpp
  Generando código...
LINK : fatal error LNK1104: no se puede abrir el archivo 'freeglut.lib'
