c:\users\usuario\documents\proyectos de git hub\ig1\proyectosig_x64_vs2022\proyectosig_x64_vs2022\ig1app\x64\debug\vc143.pdb
c:\users\usuario\documents\proyectos de git hub\ig1\proyectosig_x64_vs2022\proyectosig_x64_vs2022\ig1app\x64\debug\vc143.idb
c:\users\usuario\documents\proyectos de git hub\ig1\proyectosig_x64_vs2022\proyectosig_x64_vs2022\ig1app\x64\debug\texture.obj
c:\users\usuario\documents\proyectos de git hub\ig1\proyectosig_x64_vs2022\proyectosig_x64_vs2022\ig1app\x64\debug\star3d.obj
c:\users\usuario\documents\proyectos de git hub\ig1\proyectosig_x64_vs2022\proyectosig_x64_vs2022\ig1app\x64\debug\scene.obj
c:\users\usuario\documents\proyectos de git hub\ig1\proyectosig_x64_vs2022\proyectosig_x64_vs2022\ig1app\x64\debug\rgbtriangle.obj
c:\users\usuario\documents\proyectos de git hub\ig1\proyectosig_x64_vs2022\proyectosig_x64_vs2022\ig1app\x64\debug\rgbrectange.obj
c:\users\usuario\documents\proyectos de git hub\ig1\proyectosig_x64_vs2022\proyectosig_x64_vs2022\ig1app\x64\debug\rgbcube.obj
c:\users\usuario\documents\proyectos de git hub\ig1\proyectosig_x64_vs2022\proyectosig_x64_vs2022\ig1app\x64\debug\regularpolygon.obj
c:\users\usuario\documents\proyectos de git hub\ig1\proyectosig_x64_vs2022\proyectosig_x64_vs2022\ig1app\x64\debug\pixmap32rgba.obj
c:\users\usuario\documents\proyectos de git hub\ig1\proyectosig_x64_vs2022\proyectosig_x64_vs2022\ig1app\x64\debug\photo.obj
c:\users\usuario\documents\proyectos de git hub\ig1\proyectosig_x64_vs2022\proyectosig_x64_vs2022\ig1app\x64\debug\mesh.obj
c:\users\usuario\documents\proyectos de git hub\ig1\proyectosig_x64_vs2022\proyectosig_x64_vs2022\ig1app\x64\debug\main.obj
c:\users\usuario\documents\proyectos de git hub\ig1\proyectosig_x64_vs2022\proyectosig_x64_vs2022\ig1app\x64\debug\ig1app.obj
c:\users\usuario\documents\proyectos de git hub\ig1\proyectosig_x64_vs2022\proyectosig_x64_vs2022\ig1app\x64\debug\ground.obj
c:\users\usuario\documents\proyectos de git hub\ig1\proyectosig_x64_vs2022\proyectosig_x64_vs2022\ig1app\x64\debug\grass.obj
c:\users\usuario\documents\proyectos de git hub\ig1\proyectosig_x64_vs2022\proyectosig_x64_vs2022\ig1app\x64\debug\glassparapet.obj
c:\users\usuario\documents\proyectos de git hub\ig1\proyectosig_x64_vs2022\proyectosig_x64_vs2022\ig1app\x64\debug\entity.obj
c:\users\usuario\documents\proyectos de git hub\ig1\proyectosig_x64_vs2022\proyectosig_x64_vs2022\ig1app\x64\debug\cube.obj
c:\users\usuario\documents\proyectos de git hub\ig1\proyectosig_x64_vs2022\proyectosig_x64_vs2022\ig1app\x64\debug\camera.obj
c:\users\usuario\documents\proyectos de git hub\ig1\proyectosig_x64_vs2022\proyectosig_x64_vs2022\ig1app\x64\debug\boxoutline.obj
c:\users\usuario\documents\proyectos de git hub\ig1\proyectosig_x64_vs2022\proyectosig_x64_vs2022\ig1app\x64\debug\box.obj
c:\users\usuario\documents\proyectos de git hub\ig1\proyectosig_x64_vs2022\proyectosig_x64_vs2022\ig1app\x64\debug\viewport.obj
c:\users\usuario\documents\proyectos de git hub\ig1\proyectosig_x64_vs2022\proyectosig_x64_vs2022\ig1app\x64\debug\top.obj
c:\users\usuario\documents\proyectos de git hub\ig1\proyectosig_x64_vs2022\proyectosig_x64_vs2022\ig1app\x64\debug\ig1appdebug.ilk
c:\users\usuario\documents\proyectos de git hub\ig1\proyectosig_x64_vs2022\proyectosig_x64_vs2022\bin\ig1appdebug.exe
c:\users\usuario\documents\proyectos de git hub\ig1\proyectosig_x64_vs2022\proyectosig_x64_vs2022\bin\ig1appdebug.pdb
c:\users\usuario\documents\proyectos de git hub\ig1\proyectosig_x64_vs2022\proyectosig_x64_vs2022\ig1app\x64\debug\ig1app.tlog\cl.command.1.tlog
c:\users\usuario\documents\proyectos de git hub\ig1\proyectosig_x64_vs2022\proyectosig_x64_vs2022\ig1app\x64\debug\ig1app.tlog\cl.items.tlog
c:\users\usuario\documents\proyectos de git hub\ig1\proyectosig_x64_vs2022\proyectosig_x64_vs2022\ig1app\x64\debug\ig1app.tlog\cl.read.1.tlog
c:\users\usuario\documents\proyectos de git hub\ig1\proyectosig_x64_vs2022\proyectosig_x64_vs2022\ig1app\x64\debug\ig1app.tlog\cl.write.1.tlog
c:\users\usuario\documents\proyectos de git hub\ig1\proyectosig_x64_vs2022\proyectosig_x64_vs2022\ig1app\x64\debug\ig1app.tlog\link.command.1.tlog
c:\users\usuario\documents\proyectos de git hub\ig1\proyectosig_x64_vs2022\proyectosig_x64_vs2022\ig1app\x64\debug\ig1app.tlog\link.read.1.tlog
c:\users\usuario\documents\proyectos de git hub\ig1\proyectosig_x64_vs2022\proyectosig_x64_vs2022\ig1app\x64\debug\ig1app.tlog\link.write.1.tlog
